<?xml version="1.0" encoding="UTF-8"?>
<!-- Generated by org.testng.reporters.JUnitReportReporter -->
<testsuite hostname="DESKTOP-OR6VU5V" name="com.OragneHRM.TestCases.VarifyUserLoign" tests="1" failures="0" timestamp="12 Aug 2020 12:50:06 GMT" time="86.000" errors="0">
  <testcase name="TestBrowser" time="86.000" classname="com.OragneHRM.TestCases.VarifyUserLoign"/>
</testsuite> <!-- com.OragneHRM.TestCases.VarifyUserLoign -->
